
{"data":"06/Jun/2021:07:28:50 +0000 - REQ_1622705330789238-16654988250065560721 PRC_255 2a02:6b8:0:40c:3c5e:a8e3:4bf6:f620 0b GET '/uiapi/records/4b6b155f-c954-4567-a46e-e2a8df8748f9/?prefer_master=0' => 200 257ms 6570b"}
{"data":"contrib/python/urllib3/urllib3/connectionpool.py:981: InsecureRequestWarning: Unverified HTTPS request is being made to host 'st-api.test.yandex-team.ru'. Adding certificate verification is strongly advised. See: https://urllib3.readthedocs.io/en/latest/advanced-usage.html#ssl-warnings"}
{"data":"  warnings.warn("}
{"data":"2021-06-06 08:30:05,496 - REQ_ PRC_204 ERROR    mdh.core.integration.solomon: SolomonClient. Send failed."}
{"data":"Traceback (most recent call last):"}
{"data":"  File \"contrib/python/urllib3/urllib3/connectionpool.py\", line 426, in _make_request"}
{"data":"    six.raise_from(e, None)"}
{"data":"socket.timeout: The read operation timed out"}
{"data":"During handling of the above exception, another exception occurred:"}
{"data":"Traceback (most recent call last):"}
{"data":"  File \"billing/mdh/src/mdh/core/integration/common.py\", line 169, in request"}
{"data":"    response=getattr(self.session, method)(url, **method_kwargs),"}
{"data":"  File \"contrib/python/requests/requests/adapters.py\", line 529, in send"}
{"data":"    raise ReadTimeout(e, request=request)"}
{"data":"requests.exceptions.ReadTimeout: HTTPSConnectionPool(host='solomon-prestable.yandex.net', port=443): Read timed out. (read timeout=5)"}
{"data":"[deadlock-detector] a process holding a robust mutex died. recovering..."}
{"data":"...The work of process 58096 is done. Seeya!"}
{"data":"worker 6 killed successfully (pid: 58096)"}
{"data":"Respawned uWSGI worker 6 (new pid: 117736)"}
{"data":"2021-06-06 08:30:07,745 - REQ_ PRC_203 DEBUG    mdh.core.toolbox.tasks: Task startrek_sync_record processing finished."}
{"data":"06/Jun/2021:17:18:06 +0000 - REQ_1622740686733927-14392064435497546721 PRC_117459 2a02:6b8:0:40c:5cdb:c00c:a576:686f 0b OPTIONS '/uiapi/references/nom_price/' => 200 1ms 430b"}
{"data":"_ 28/Feb/2022:12:22:20 +0300 - REQ_1646040140531005-14483271689571191913 2a02:6b8:c03:30b:8000:40af:f63a:8af6 PRC_3751 2a02:6b8:c14:3195:0:4f89:5825:0 7162b POST '/xmlrpc' => 200 205ms 660b"}
{"data":"2021-06-06 08:30:22,436 - REQ_ PRC_206 DEBUG    mdh.core.models.lock: Cleanup stale tasks for Lock"}
{"data":"2022-02-28 15:22:33,223 - PRC_30213 INFO     bcl.core.views.rpc: XMLRPC method FPSBankList called by 69"}
